# JRE version: OpenJDK Runtime Environment Temurin-21.0.8+9 (21.0.8+9) (build 21.0.8+9-LTS)
# Java VM: OpenJDK 64-Bit Server VM Temurin-21.0.8+9 (21.0.8+9-LTS, mixed mode, sharing, tiered, compressed oops, compressed class ptrs, parallel gc, windows-amd64)
GC Precious Log:
 CardTable entry size: 512
 CPUs: 4 total, 4 available
 Memory: 8099M
 Large Page Support: Disabled
 NUMA Support: Disabled
 Compressed Oops: Enabled (32-bit)
 Alignments: Space 512K, Generation 512K, Heap 2M
 Heap Min Capacity: 100M
 Heap Initial Capacity: 100M
 Heap Max Capacity: 2G
 Pre-touch: Disabled
 Parallel Workers: 4
Heap:
 PSYoungGen      total 7680K, used 2117K [0x00000000d5580000, 0x00000000d6180000, 0x0000000100000000)
  eden space 6656K, 23% used [0x00000000d5580000,0x00000000d57095b0,0x00000000d5c00000)
  from space 1024K, 53% used [0x00000000d6080000,0x00000000d6108020,0x00000000d6180000)
  to   space 1024K, 0% used [0x00000000d5f80000,0x00000000d5f80000,0x00000000d6080000)
 ParOldGen       total 648192K, used 569147K [0x0000000080000000, 0x00000000a7900000, 0x00000000d5580000)
  object space 648192K, 87% used [0x0000000080000000,0x00000000a2bced30,0x00000000a7900000)
 Metaspace       used 82879K, committed 84480K, reserved 1179648K
  class space    used 8284K, committed 9024K, reserved 1048576K
GC Heap History (20 events):
Event: 1597.254 GC heap before
{Heap before GC invocations=1035 (full 4):
 PSYoungGen      total 8192K, used 7808K [0x00000000d5580000, 0x00000000d5e80000, 0x0000000100000000)
  eden space 7680K, 100% used [0x00000000d5580000,0x00000000d5d00000,0x00000000d5d00000)
  from space 512K, 25% used [0x00000000d5e00000,0x00000000d5e20000,0x00000000d5e80000)
  to   space 512K, 0% used [0x00000000d5d80000,0x00000000d5d80000,0x00000000d5e00000)
 ParOldGen       total 648192K, used 562742K [0x0000000080000000, 0x00000000a7900000, 0x00000000d5580000)
  object space 648192K, 86% used [0x0000000080000000,0x00000000a258da08,0x00000000a7900000)
 Metaspace       used 82710K, committed 84288K, reserved 1179648K
  class space    used 8282K, committed 9024K, reserved 1048576K
}
Event: 1597.261 GC heap after
{Heap after GC invocations=1035 (full 4):
 PSYoungGen      total 8192K, used 128K [0x00000000d5580000, 0x00000000d5e80000, 0x0000000100000000)
  eden space 7680K, 0% used [0x00000000d5580000,0x00000000d5580000,0x00000000d5d00000)
  from space 512K, 25% used [0x00000000d5d80000,0x00000000d5da0000,0x00000000d5e00000)
  to   space 512K, 0% used [0x00000000d5e00000,0x00000000d5e00000,0x00000000d5e80000)
 ParOldGen       total 648192K, used 562771K [0x0000000080000000, 0x00000000a7900000, 0x00000000d5580000)
  object space 648192K, 86% used [0x0000000080000000,0x00000000a2594c58,0x00000000a7900000)
 Metaspace       used 82710K, committed 84288K, reserved 1179648K
  class space    used 8282K, committed 9024K, reserved 1048576K
}
Event: 34331.843 GC heap before
{Heap before GC invocations=1036 (full 4):
 PSYoungGen      total 8192K, used 7808K [0x00000000d5580000, 0x00000000d5e80000, 0x0000000100000000)
  eden space 7680K, 100% used [0x00000000d5580000,0x00000000d5d00000,0x00000000d5d00000)
  from space 512K, 25% used [0x00000000d5d80000,0x00000000d5da0000,0x00000000d5e00000)
  to   space 512K, 0% used [0x00000000d5e00000,0x00000000d5e00000,0x00000000d5e80000)
 ParOldGen       total 648192K, used 562771K [0x0000000080000000, 0x00000000a7900000, 0x00000000d5580000)
  object space 648192K, 86% used [0x0000000080000000,0x00000000a2594c58,0x00000000a7900000)
 Metaspace       used 82796K, committed 84288K, reserved 1179648K
  class space    used 8282K, committed 9024K, reserved 1048576K
}
Event: 34332.265 GC heap after
{Heap after GC invocations=1036 (full 4):
 PSYoungGen      total 8192K, used 128K [0x00000000d5580000, 0x00000000d5e80000, 0x0000000100000000)
  eden space 7680K, 0% used [0x00000000d5580000,0x00000000d5580000,0x00000000d5d00000)
  from space 512K, 25% used [0x00000000d5e00000,0x00000000d5e20000,0x00000000d5e80000)
  to   space 512K, 0% used [0x00000000d5d80000,0x00000000d5d80000,0x00000000d5e00000)
 ParOldGen       total 648192K, used 562795K [0x0000000080000000, 0x00000000a7900000, 0x00000000d5580000)
  object space 648192K, 86% used [0x0000000080000000,0x00000000a259ac58,0x00000000a7900000)
 Metaspace       used 82796K, committed 84288K, reserved 1179648K
  class space    used 8282K, committed 9024K, reserved 1048576K
}
Event: 37651.625 GC heap before
{Heap before GC invocations=1037 (full 4):
 PSYoungGen      total 8192K, used 7808K [0x00000000d5580000, 0x00000000d5e80000, 0x0000000100000000)
  eden space 7680K, 100% used [0x00000000d5580000,0x00000000d5d00000,0x00000000d5d00000)
  from space 512K, 25% used [0x00000000d5e00000,0x00000000d5e20000,0x00000000d5e80000)
  to   space 512K, 0% used [0x00000000d5d80000,0x00000000d5d80000,0x00000000d5e00000)
 ParOldGen       total 648192K, used 562795K [0x0000000080000000, 0x00000000a7900000, 0x00000000d5580000)
  object space 648192K, 86% used [0x0000000080000000,0x00000000a259ac58,0x00000000a7900000)
 Metaspace       used 82833K, committed 84352K, reserved 1179648K
  class space    used 8282K, committed 9024K, reserved 1048576K
}
Event: 37652.073 GC heap after
{Heap after GC invocations=1037 (full 4):
 PSYoungGen      total 8192K, used 499K [0x00000000d5580000, 0x00000000d6000000, 0x0000000100000000)
  eden space 7680K, 0% used [0x00000000d5580000,0x00000000d5580000,0x00000000d5d00000)
  from space 512K, 97% used [0x00000000d5d80000,0x00000000d5dfcf38,0x00000000d5e00000)
  to   space 1536K, 0% used [0x00000000d5e80000,0x00000000d5e80000,0x00000000d6000000)
 ParOldGen       total 648192K, used 563382K [0x0000000080000000, 0x00000000a7900000, 0x00000000d5580000)
  object space 648192K, 86% used [0x0000000080000000,0x00000000a262db70,0x00000000a7900000)
 Metaspace       used 82833K, committed 84352K, reserved 1179648K
  class space    used 8282K, committed 9024K, reserved 1048576K
}
Event: 37652.221 GC heap before
{Heap before GC invocations=1038 (full 4):
 PSYoungGen      total 8192K, used 8179K [0x00000000d5580000, 0x00000000d6000000, 0x0000000100000000)
  eden space 7680K, 99% used [0x00000000d5580000,0x00000000d5cffff0,0x00000000d5d00000)
  from space 512K, 97% used [0x00000000d5d80000,0x00000000d5dfcf38,0x00000000d5e00000)
  to   space 1536K, 0% used [0x00000000d5e80000,0x00000000d5e80000,0x00000000d6000000)
 ParOldGen       total 648192K, used 563382K [0x0000000080000000, 0x00000000a7900000, 0x00000000d5580000)
  object space 648192K, 86% used [0x0000000080000000,0x00000000a262db70,0x00000000a7900000)
 Metaspace       used 82833K, committed 84352K, reserved 1179648K
  class space    used 8282K, committed 9024K, reserved 1048576K
}
Event: 37652.236 GC heap after
{Heap after GC invocations=1038 (full 4):
 PSYoungGen      total 8192K, used 1513K [0x00000000d5580000, 0x00000000d6200000, 0x0000000100000000)
  eden space 6656K, 0% used [0x00000000d5580000,0x00000000d5580000,0x00000000d5c00000)
  from space 1536K, 98% used [0x00000000d5e80000,0x00000000d5ffa710,0x00000000d6000000)
  to   space 2560K, 0% used [0x00000000d5c00000,0x00000000d5c00000,0x00000000d5e80000)
 ParOldGen       total 648192K, used 564166K [0x0000000080000000, 0x00000000a7900000, 0x00000000d5580000)
  object space 648192K, 87% used [0x0000000080000000,0x00000000a26f1ba0,0x00000000a7900000)
 Metaspace       used 82833K, committed 84352K, reserved 1179648K
  class space    used 8282K, committed 9024K, reserved 1048576K
}
Event: 114779.151 GC heap before
{Heap before GC invocations=1039 (full 4):
 PSYoungGen      total 8192K, used 8169K [0x00000000d5580000, 0x00000000d6200000, 0x0000000100000000)
  eden space 6656K, 100% used [0x00000000d5580000,0x00000000d5c00000,0x00000000d5c00000)
  from space 1536K, 98% used [0x00000000d5e80000,0x00000000d5ffa710,0x00000000d6000000)
  to   space 2560K, 0% used [0x00000000d5c00000,0x00000000d5c00000,0x00000000d5e80000)
 ParOldGen       total 648192K, used 564166K [0x0000000080000000, 0x00000000a7900000, 0x00000000d5580000)
  object space 648192K, 87% used [0x0000000080000000,0x00000000a26f1ba0,0x00000000a7900000)
 Metaspace       used 82854K, committed 84416K, reserved 1179648K
  class space    used 8284K, committed 9024K, reserved 1048576K
}
Event: 114780.043 GC heap after
{Heap after GC invocations=1039 (full 4):
 PSYoungGen      total 9216K, used 2544K [0x00000000d5580000, 0x00000000d6600000, 0x0000000100000000)
  eden space 6656K, 0% used [0x00000000d5580000,0x00000000d5580000,0x00000000d5c00000)
  from space 2560K, 99% used [0x00000000d5c00000,0x00000000d5e7c020,0x00000000d5e80000)
  to   space 5120K, 0% used [0x00000000d6100000,0x00000000d6100000,0x00000000d6600000)
 ParOldGen       total 648192K, used 566168K [0x0000000080000000, 0x00000000a7900000, 0x00000000d5580000)
  object space 648192K, 87% used [0x0000000080000000,0x00000000a28e62b0,0x00000000a7900000)
 Metaspace       used 82854K, committed 84416K, reserved 1179648K
  class space    used 8284K, committed 9024K, reserved 1048576K
}
Event: 167805.121 GC heap before
{Heap before GC invocations=1040 (full 4):
 PSYoungGen      total 9216K, used 9200K [0x00000000d5580000, 0x00000000d6600000, 0x0000000100000000)
  eden space 6656K, 100% used [0x00000000d5580000,0x00000000d5c00000,0x00000000d5c00000)
  from space 2560K, 99% used [0x00000000d5c00000,0x00000000d5e7c020,0x00000000d5e80000)
  to   space 5120K, 0% used [0x00000000d6100000,0x00000000d6100000,0x00000000d6600000)
 ParOldGen       total 648192K, used 566168K [0x0000000080000000, 0x00000000a7900000, 0x00000000d5580000)
  object space 648192K, 87% used [0x0000000080000000,0x00000000a28e62b0,0x00000000a7900000)
 Metaspace       used 82866K, committed 84480K, reserved 1179648K
  class space    used 8284K, committed 9024K, reserved 1048576K
}
Event: 167805.743 GC heap after
{Heap after GC invocations=1040 (full 4):
 PSYoungGen      total 7168K, used 272K [0x00000000d5580000, 0x00000000d6180000, 0x0000000100000000)
  eden space 6656K, 0% used [0x00000000d5580000,0x00000000d5580000,0x00000000d5c00000)
  from space 512K, 53% used [0x00000000d6100000,0x00000000d6144030,0x00000000d6180000)
  to   space 2048K, 0% used [0x00000000d5d80000,0x00000000d5d80000,0x00000000d5f80000)
 ParOldGen       total 648192K, used 568312K [0x0000000080000000, 0x00000000a7900000, 0x00000000d5580000)
  object space 648192K, 87% used [0x0000000080000000,0x00000000a2afe2b0,0x00000000a7900000)
 Metaspace       used 82866K, committed 84480K, reserved 1179648K
  class space    used 8284K, committed 9024K, reserved 1048576K
}
Event: 173767.360 GC heap before
{Heap before GC invocations=1041 (full 4):
 PSYoungGen      total 7168K, used 6928K [0x00000000d5580000, 0x00000000d6180000, 0x0000000100000000)
  eden space 6656K, 100% used [0x00000000d5580000,0x00000000d5c00000,0x00000000d5c00000)
  from space 512K, 53% used [0x00000000d6100000,0x00000000d6144030,0x00000000d6180000)
  to   space 2048K, 0% used [0x00000000d5d80000,0x00000000d5d80000,0x00000000d5f80000)
 ParOldGen       total 648192K, used 568312K [0x0000000080000000, 0x00000000a7900000, 0x00000000d5580000)
  object space 648192K, 87% used [0x0000000080000000,0x00000000a2afe2b0,0x00000000a7900000)
 Metaspace       used 82869K, committed 84480K, reserved 1179648K
  class space    used 8284K, committed 9024K, reserved 1048576K
}
Event: 173767.955 GC heap after
{Heap after GC invocations=1041 (full 4):
 PSYoungGen      total 8704K, used 128K [0x00000000d5580000, 0x00000000d6180000, 0x0000000100000000)
  eden space 6656K, 0% used [0x00000000d5580000,0x00000000d5580000,0x00000000d5c00000)
  from space 2048K, 6% used [0x00000000d5d80000,0x00000000d5da0000,0x00000000d5f80000)
  to   space 512K, 0% used [0x00000000d6100000,0x00000000d6100000,0x00000000d6180000)
 ParOldGen       total 648192K, used 568344K [0x0000000080000000, 0x00000000a7900000, 0x00000000d5580000)
  object space 648192K, 87% used [0x0000000080000000,0x00000000a2b062b0,0x00000000a7900000)
 Metaspace       used 82869K, committed 84480K, reserved 1179648K
  class space    used 8284K, committed 9024K, reserved 1048576K
}
Event: 174669.502 GC heap before
{Heap before GC invocations=1042 (full 4):
 PSYoungGen      total 8704K, used 6784K [0x00000000d5580000, 0x00000000d6180000, 0x0000000100000000)
  eden space 6656K, 100% used [0x00000000d5580000,0x00000000d5c00000,0x00000000d5c00000)
  from space 2048K, 6% used [0x00000000d5d80000,0x00000000d5da0000,0x00000000d5f80000)
  to   space 512K, 0% used [0x00000000d6100000,0x00000000d6100000,0x00000000d6180000)
 ParOldGen       total 648192K, used 568344K [0x0000000080000000, 0x00000000a7900000, 0x00000000d5580000)
  object space 648192K, 87% used [0x0000000080000000,0x00000000a2b062b0,0x00000000a7900000)
 Metaspace       used 82869K, committed 84480K, reserved 1179648K
  class space    used 8284K, committed 9024K, reserved 1048576K
}
Event: 174669.520 GC heap after
{Heap after GC invocations=1042 (full 4):
 PSYoungGen      total 7168K, used 496K [0x00000000d5580000, 0x00000000d6180000, 0x0000000100000000)
  eden space 6656K, 0% used [0x00000000d5580000,0x00000000d5580000,0x00000000d5c00000)
  from space 512K, 96% used [0x00000000d6100000,0x00000000d617c030,0x00000000d6180000)
  to   space 1024K, 0% used [0x00000000d5f80000,0x00000000d5f80000,0x00000000d6080000)
 ParOldGen       total 648192K, used 568632K [0x0000000080000000, 0x00000000a7900000, 0x00000000d5580000)
  object space 648192K, 87% used [0x0000000080000000,0x00000000a2b4e2b0,0x00000000a7900000)
 Metaspace       used 82869K, committed 84480K, reserved 1179648K
  class space    used 8284K, committed 9024K, reserved 1048576K
}
Event: 183771.184 GC heap before
{Heap before GC invocations=1043 (full 4):
 PSYoungGen      total 7168K, used 7152K [0x00000000d5580000, 0x00000000d6180000, 0x0000000100000000)
  eden space 6656K, 100% used [0x00000000d5580000,0x00000000d5c00000,0x00000000d5c00000)
  from space 512K, 96% used [0x00000000d6100000,0x00000000d617c030,0x00000000d6180000)
  to   space 1024K, 0% used [0x00000000d5f80000,0x00000000d5f80000,0x00000000d6080000)
 ParOldGen       total 648192K, used 568632K [0x0000000080000000, 0x00000000a7900000, 0x00000000d5580000)
  object space 648192K, 87% used [0x0000000080000000,0x00000000a2b4e2b0,0x00000000a7900000)
 Metaspace       used 82873K, committed 84480K, reserved 1179648K
  class space    used 8284K, committed 9024K, reserved 1048576K
}
Event: 183772.068 GC heap after
{Heap after GC invocations=1043 (full 4):
 PSYoungGen      total 7680K, used 704K [0x00000000d5580000, 0x00000000d6180000, 0x0000000100000000)
  eden space 6656K, 0% used [0x00000000d5580000,0x00000000d5580000,0x00000000d5c00000)
  from space 1024K, 68% used [0x00000000d5f80000,0x00000000d6030020,0x00000000d6080000)
  to   space 1024K, 0% used [0x00000000d6080000,0x00000000d6080000,0x00000000d6180000)
 ParOldGen       total 648192K, used 569099K [0x0000000080000000, 0x00000000a7900000, 0x00000000d5580000)
  object space 648192K, 87% used [0x0000000080000000,0x00000000a2bc2d30,0x00000000a7900000)
 Metaspace       used 82873K, committed 84480K, reserved 1179648K
  class space    used 8284K, committed 9024K, reserved 1048576K
}
Event: 184674.881 GC heap before
{Heap before GC invocations=1044 (full 4):
 PSYoungGen      total 7680K, used 7360K [0x00000000d5580000, 0x00000000d6180000, 0x0000000100000000)
  eden space 6656K, 100% used [0x00000000d5580000,0x00000000d5c00000,0x00000000d5c00000)
  from space 1024K, 68% used [0x00000000d5f80000,0x00000000d6030020,0x00000000d6080000)
  to   space 1024K, 0% used [0x00000000d6080000,0x00000000d6080000,0x00000000d6180000)
 ParOldGen       total 648192K, used 569099K [0x0000000080000000, 0x00000000a7900000, 0x00000000d5580000)
  object space 648192K, 87% used [0x0000000080000000,0x00000000a2bc2d30,0x00000000a7900000)
 Metaspace       used 82879K, committed 84480K, reserved 1179648K
  class space    used 8284K, committed 9024K, reserved 1048576K
}
Event: 184674.897 GC heap after
{Heap after GC invocations=1044 (full 4):
 PSYoungGen      total 7680K, used 544K [0x00000000d5580000, 0x00000000d6180000, 0x0000000100000000)
  eden space 6656K, 0% used [0x00000000d5580000,0x00000000d5580000,0x00000000d5c00000)
  from space 1024K, 53% used [0x00000000d6080000,0x00000000d6108020,0x00000000d6180000)
  to   space 1024K, 0% used [0x00000000d5f80000,0x00000000d5f80000,0x00000000d6080000)
 ParOldGen       total 648192K, used 569147K [0x0000000080000000, 0x00000000a7900000, 0x00000000d5580000)
  object space 648192K, 87% used [0x0000000080000000,0x00000000a2bced30,0x00000000a7900000)
 Metaspace       used 82879K, committed 84480K, reserved 1179648K
  class space    used 8284K, committed 9024K, reserved 1048576K
}

