# JRE version: OpenJDK Runtime Environment Temurin-21.0.8+9 (21.0.8+9) (build 21.0.8+9-LTS)
# Java VM: OpenJDK 64-Bit Server VM Temurin-21.0.8+9 (21.0.8+9-LTS, mixed mode, sharing, tiered, compressed oops, compressed class ptrs, parallel gc, windows-amd64)
GC Precious Log:
 CardTable entry size: 512
 CPUs: 4 total, 4 available
 Memory: 8099M
 Large Page Support: Disabled
 NUMA Support: Disabled
 Compressed Oops: Enabled (32-bit)
 Alignments: Space 512K, Generation 512K, Heap 2M
 Heap Min Capacity: 100M
 Heap Initial Capacity: 100M
 Heap Max Capacity: 2G
 Pre-touch: Disabled
 Parallel Workers: 4
Heap:
 PSYoungGen      total 4608K, used 2881K [0x00000000d5580000, 0x00000000d5b80000, 0x0000000100000000)
  eden space 3072K, 89% used [0x00000000d5580000,0x00000000d5830708,0x00000000d5880000)
  from space 1536K, 8% used [0x00000000d5900000,0x00000000d5920000,0x00000000d5a80000)
  to   space 512K, 0% used [0x00000000d5b00000,0x00000000d5b00000,0x00000000d5b80000)
 ParOldGen       total 518656K, used 518426K [0x0000000080000000, 0x000000009fa80000, 0x00000000d5580000)
  object space 518656K, 99% used [0x0000000080000000,0x000000009fa46848,0x000000009fa80000)
 Metaspace       used 65293K, committed 66816K, reserved 1114112K
  class space    used 6812K, committed 7488K, reserved 1048576K
GC Heap History (20 events):
Event: 246.917 GC heap before
{Heap before GC invocations=413 (full 3):
 PSYoungGen      total 2048K, used 1824K [0x00000000d5580000, 0x00000000d5b00000, 0x0000000100000000)
  eden space 1024K, 100% used [0x00000000d5580000,0x00000000d5680000,0x00000000d5680000)
  from space 1024K, 78% used [0x00000000d5680000,0x00000000d5748000,0x00000000d5780000)
  to   space 2048K, 0% used [0x00000000d5900000,0x00000000d5900000,0x00000000d5b00000)
 ParOldGen       total 507904K, used 507618K [0x0000000080000000, 0x000000009f000000, 0x00000000d5580000)
  object space 507904K, 99% used [0x0000000080000000,0x000000009efb88b0,0x000000009f000000)
 Metaspace       used 64458K, committed 65920K, reserved 1114112K
  class space    used 6726K, committed 7360K, reserved 1048576K
}
Event: 246.923 GC heap after
{Heap after GC invocations=413 (full 3):
 PSYoungGen      total 2560K, used 843K [0x00000000d5580000, 0x00000000d5a00000, 0x0000000100000000)
  eden space 1536K, 0% used [0x00000000d5580000,0x00000000d5580000,0x00000000d5700000)
  from space 1024K, 82% used [0x00000000d5900000,0x00000000d59d2f88,0x00000000d5a00000)
  to   space 1024K, 0% used [0x00000000d5800000,0x00000000d5800000,0x00000000d5900000)
 ParOldGen       total 508416K, used 508386K [0x0000000080000000, 0x000000009f080000, 0x00000000d5580000)
  object space 508416K, 99% used [0x0000000080000000,0x000000009f0788b0,0x000000009f080000)
 Metaspace       used 64458K, committed 65920K, reserved 1114112K
  class space    used 6726K, committed 7360K, reserved 1048576K
}
Event: 247.013 GC heap before
{Heap before GC invocations=414 (full 3):
 PSYoungGen      total 2560K, used 2379K [0x00000000d5580000, 0x00000000d5a00000, 0x0000000100000000)
  eden space 1536K, 100% used [0x00000000d5580000,0x00000000d5700000,0x00000000d5700000)
  from space 1024K, 82% used [0x00000000d5900000,0x00000000d59d2f88,0x00000000d5a00000)
  to   space 1024K, 0% used [0x00000000d5800000,0x00000000d5800000,0x00000000d5900000)
 ParOldGen       total 508416K, used 508386K [0x0000000080000000, 0x000000009f080000, 0x00000000d5580000)
  object space 508416K, 99% used [0x0000000080000000,0x000000009f0788b0,0x000000009f080000)
 Metaspace       used 64458K, committed 65920K, reserved 1114112K
  class space    used 6726K, committed 7360K, reserved 1048576K
}
Event: 247.018 GC heap after
{Heap after GC invocations=414 (full 3):
 PSYoungGen      total 2560K, used 1024K [0x00000000d5580000, 0x00000000d5b00000, 0x0000000100000000)
  eden space 1536K, 0% used [0x00000000d5580000,0x00000000d5580000,0x00000000d5700000)
  from space 1024K, 100% used [0x00000000d5800000,0x00000000d5900000,0x00000000d5900000)
  to   space 2048K, 0% used [0x00000000d5900000,0x00000000d5900000,0x00000000d5b00000)
 ParOldGen       total 509440K, used 509190K [0x0000000080000000, 0x000000009f180000, 0x00000000d5580000)
  object space 509440K, 99% used [0x0000000080000000,0x000000009f141838,0x000000009f180000)
 Metaspace       used 64458K, committed 65920K, reserved 1114112K
  class space    used 6726K, committed 7360K, reserved 1048576K
}
Event: 247.027 GC heap before
{Heap before GC invocations=415 (full 3):
 PSYoungGen      total 2560K, used 2560K [0x00000000d5580000, 0x00000000d5b00000, 0x0000000100000000)
  eden space 1536K, 100% used [0x00000000d5580000,0x00000000d5700000,0x00000000d5700000)
  from space 1024K, 100% used [0x00000000d5800000,0x00000000d5900000,0x00000000d5900000)
  to   space 2048K, 0% used [0x00000000d5900000,0x00000000d5900000,0x00000000d5b00000)
 ParOldGen       total 509440K, used 509190K [0x0000000080000000, 0x000000009f180000, 0x00000000d5580000)
  object space 509440K, 99% used [0x0000000080000000,0x000000009f141838,0x000000009f180000)
 Metaspace       used 64458K, committed 65920K, reserved 1114112K
  class space    used 6726K, committed 7360K, reserved 1048576K
}
Event: 247.031 GC heap after
{Heap after GC invocations=415 (full 3):
 PSYoungGen      total 3584K, used 1120K [0x00000000d5580000, 0x00000000d5a80000, 0x0000000100000000)
  eden space 2048K, 0% used [0x00000000d5580000,0x00000000d5580000,0x00000000d5780000)
  from space 1536K, 72% used [0x00000000d5900000,0x00000000d5a18000,0x00000000d5a80000)
  to   space 1536K, 0% used [0x00000000d5780000,0x00000000d5780000,0x00000000d5900000)
 ParOldGen       total 510464K, used 510218K [0x0000000080000000, 0x000000009f280000, 0x00000000d5580000)
  object space 510464K, 99% used [0x0000000080000000,0x000000009f242848,0x000000009f280000)
 Metaspace       used 64458K, committed 65920K, reserved 1114112K
  class space    used 6726K, committed 7360K, reserved 1048576K
}
Event: 247.046 GC heap before
{Heap before GC invocations=416 (full 3):
 PSYoungGen      total 3584K, used 3168K [0x00000000d5580000, 0x00000000d5a80000, 0x0000000100000000)
  eden space 2048K, 100% used [0x00000000d5580000,0x00000000d5780000,0x00000000d5780000)
  from space 1536K, 72% used [0x00000000d5900000,0x00000000d5a18000,0x00000000d5a80000)
  to   space 1536K, 0% used [0x00000000d5780000,0x00000000d5780000,0x00000000d5900000)
 ParOldGen       total 510464K, used 510218K [0x0000000080000000, 0x000000009f280000, 0x00000000d5580000)
  object space 510464K, 99% used [0x0000000080000000,0x000000009f242848,0x000000009f280000)
 Metaspace       used 64493K, committed 65920K, reserved 1114112K
  class space    used 6730K, committed 7360K, reserved 1048576K
}
Event: 247.050 GC heap after
{Heap after GC invocations=416 (full 3):
 PSYoungGen      total 3584K, used 1376K [0x00000000d5580000, 0x00000000d5b00000, 0x0000000100000000)
  eden space 2048K, 0% used [0x00000000d5580000,0x00000000d5580000,0x00000000d5780000)
  from space 1536K, 89% used [0x00000000d5780000,0x00000000d58d8000,0x00000000d5900000)
  to   space 1536K, 0% used [0x00000000d5980000,0x00000000d5980000,0x00000000d5b00000)
 ParOldGen       total 511488K, used 511314K [0x0000000080000000, 0x000000009f380000, 0x00000000d5580000)
  object space 511488K, 99% used [0x0000000080000000,0x000000009f354848,0x000000009f380000)
 Metaspace       used 64493K, committed 65920K, reserved 1114112K
  class space    used 6730K, committed 7360K, reserved 1048576K
}
Event: 247.062 GC heap before
{Heap before GC invocations=417 (full 3):
 PSYoungGen      total 3584K, used 3424K [0x00000000d5580000, 0x00000000d5b00000, 0x0000000100000000)
  eden space 2048K, 100% used [0x00000000d5580000,0x00000000d5780000,0x00000000d5780000)
  from space 1536K, 89% used [0x00000000d5780000,0x00000000d58d8000,0x00000000d5900000)
  to   space 1536K, 0% used [0x00000000d5980000,0x00000000d5980000,0x00000000d5b00000)
 ParOldGen       total 511488K, used 511314K [0x0000000080000000, 0x000000009f380000, 0x00000000d5580000)
  object space 511488K, 99% used [0x0000000080000000,0x000000009f354848,0x000000009f380000)
 Metaspace       used 64554K, committed 65984K, reserved 1114112K
  class space    used 6734K, committed 7360K, reserved 1048576K
}
Event: 247.067 GC heap after
{Heap after GC invocations=417 (full 3):
 PSYoungGen      total 4096K, used 1248K [0x00000000d5580000, 0x00000000d5b00000, 0x0000000100000000)
  eden space 2560K, 0% used [0x00000000d5580000,0x00000000d5580000,0x00000000d5800000)
  from space 1536K, 81% used [0x00000000d5980000,0x00000000d5ab8000,0x00000000d5b00000)
  to   space 1536K, 0% used [0x00000000d5800000,0x00000000d5800000,0x00000000d5980000)
 ParOldGen       total 513024K, used 512602K [0x0000000080000000, 0x000000009f500000, 0x00000000d5580000)
  object space 513024K, 99% used [0x0000000080000000,0x000000009f496848,0x000000009f500000)
 Metaspace       used 64554K, committed 65984K, reserved 1114112K
  class space    used 6734K, committed 7360K, reserved 1048576K
}
Event: 247.165 GC heap before
{Heap before GC invocations=418 (full 3):
 PSYoungGen      total 4096K, used 3808K [0x00000000d5580000, 0x00000000d5b00000, 0x0000000100000000)
  eden space 2560K, 100% used [0x00000000d5580000,0x00000000d5800000,0x00000000d5800000)
  from space 1536K, 81% used [0x00000000d5980000,0x00000000d5ab8000,0x00000000d5b00000)
  to   space 1536K, 0% used [0x00000000d5800000,0x00000000d5800000,0x00000000d5980000)
 ParOldGen       total 513024K, used 512602K [0x0000000080000000, 0x000000009f500000, 0x00000000d5580000)
  object space 513024K, 99% used [0x0000000080000000,0x000000009f496848,0x000000009f500000)
 Metaspace       used 64637K, committed 66048K, reserved 1114112K
  class space    used 6739K, committed 7360K, reserved 1048576K
}
Event: 247.170 GC heap after
{Heap after GC invocations=418 (full 3):
 PSYoungGen      total 4096K, used 1536K [0x00000000d5580000, 0x00000000d5e00000, 0x0000000100000000)
  eden space 2560K, 0% used [0x00000000d5580000,0x00000000d5580000,0x00000000d5800000)
  from space 1536K, 100% used [0x00000000d5800000,0x00000000d5980000,0x00000000d5980000)
  to   space 3072K, 0% used [0x00000000d5b00000,0x00000000d5b00000,0x00000000d5e00000)
 ParOldGen       total 514048K, used 513834K [0x0000000080000000, 0x000000009f600000, 0x00000000d5580000)
  object space 514048K, 99% used [0x0000000080000000,0x000000009f5ca848,0x000000009f600000)
 Metaspace       used 64637K, committed 66048K, reserved 1114112K
  class space    used 6739K, committed 7360K, reserved 1048576K
}
Event: 247.185 GC heap before
{Heap before GC invocations=419 (full 3):
 PSYoungGen      total 4096K, used 4096K [0x00000000d5580000, 0x00000000d5e00000, 0x0000000100000000)
  eden space 2560K, 100% used [0x00000000d5580000,0x00000000d5800000,0x00000000d5800000)
  from space 1536K, 100% used [0x00000000d5800000,0x00000000d5980000,0x00000000d5980000)
  to   space 3072K, 0% used [0x00000000d5b00000,0x00000000d5b00000,0x00000000d5e00000)
 ParOldGen       total 514048K, used 513834K [0x0000000080000000, 0x000000009f600000, 0x00000000d5580000)
  object space 514048K, 99% used [0x0000000080000000,0x000000009f5ca848,0x000000009f600000)
 Metaspace       used 64673K, committed 66112K, reserved 1114112K
  class space    used 6745K, committed 7360K, reserved 1048576K
}
Event: 247.191 GC heap after
{Heap after GC invocations=419 (full 3):
 PSYoungGen      total 5120K, used 1600K [0x00000000d5580000, 0x00000000d5d00000, 0x0000000100000000)
  eden space 3072K, 0% used [0x00000000d5580000,0x00000000d5580000,0x00000000d5880000)
  from space 2048K, 78% used [0x00000000d5b00000,0x00000000d5c90000,0x00000000d5d00000)
  to   space 2048K, 0% used [0x00000000d5900000,0x00000000d5900000,0x00000000d5b00000)
 ParOldGen       total 515584K, used 515362K [0x0000000080000000, 0x000000009f780000, 0x00000000d5580000)
  object space 515584K, 99% used [0x0000000080000000,0x000000009f748848,0x000000009f780000)
 Metaspace       used 64673K, committed 66112K, reserved 1114112K
  class space    used 6745K, committed 7360K, reserved 1048576K
}
Event: 247.318 GC heap before
{Heap before GC invocations=420 (full 3):
 PSYoungGen      total 5120K, used 4671K [0x00000000d5580000, 0x00000000d5d00000, 0x0000000100000000)
  eden space 3072K, 99% used [0x00000000d5580000,0x00000000d587fff8,0x00000000d5880000)
  from space 2048K, 78% used [0x00000000d5b00000,0x00000000d5c90000,0x00000000d5d00000)
  to   space 2048K, 0% used [0x00000000d5900000,0x00000000d5900000,0x00000000d5b00000)
 ParOldGen       total 515584K, used 515362K [0x0000000080000000, 0x000000009f780000, 0x00000000d5580000)
  object space 515584K, 99% used [0x0000000080000000,0x000000009f748848,0x000000009f780000)
 Metaspace       used 64789K, committed 66176K, reserved 1114112K
  class space    used 6766K, committed 7360K, reserved 1048576K
}
Event: 247.324 GC heap after
{Heap after GC invocations=420 (full 3):
 PSYoungGen      total 5120K, used 1600K [0x00000000d5580000, 0x00000000d5c80000, 0x0000000100000000)
  eden space 3072K, 0% used [0x00000000d5580000,0x00000000d5580000,0x00000000d5880000)
  from space 2048K, 78% used [0x00000000d5900000,0x00000000d5a90000,0x00000000d5b00000)
  to   space 1536K, 0% used [0x00000000d5b00000,0x00000000d5b00000,0x00000000d5c80000)
 ParOldGen       total 517120K, used 516930K [0x0000000080000000, 0x000000009f900000, 0x00000000d5580000)
  object space 517120K, 99% used [0x0000000080000000,0x000000009f8d0848,0x000000009f900000)
 Metaspace       used 64789K, committed 66176K, reserved 1114112K
  class space    used 6766K, committed 7360K, reserved 1048576K
}
Event: 247.715 GC heap before
{Heap before GC invocations=421 (full 3):
 PSYoungGen      total 5120K, used 4672K [0x00000000d5580000, 0x00000000d5c80000, 0x0000000100000000)
  eden space 3072K, 100% used [0x00000000d5580000,0x00000000d5880000,0x00000000d5880000)
  from space 2048K, 78% used [0x00000000d5900000,0x00000000d5a90000,0x00000000d5b00000)
  to   space 1536K, 0% used [0x00000000d5b00000,0x00000000d5b00000,0x00000000d5c80000)
 ParOldGen       total 517120K, used 516930K [0x0000000080000000, 0x000000009f900000, 0x00000000d5580000)
  object space 517120K, 99% used [0x0000000080000000,0x000000009f8d0848,0x000000009f900000)
 Metaspace       used 64831K, committed 66240K, reserved 1114112K
  class space    used 6770K, committed 7360K, reserved 1048576K
}
Event: 247.722 GC heap after
{Heap after GC invocations=421 (full 3):
 PSYoungGen      total 4096K, used 936K [0x00000000d5580000, 0x00000000d5c00000, 0x0000000100000000)
  eden space 3072K, 0% used [0x00000000d5580000,0x00000000d5580000,0x00000000d5880000)
  from space 1024K, 91% used [0x00000000d5b00000,0x00000000d5bea2f0,0x00000000d5c00000)
  to   space 1536K, 0% used [0x00000000d5900000,0x00000000d5900000,0x00000000d5a80000)
 ParOldGen       total 518656K, used 518394K [0x0000000080000000, 0x000000009fa80000, 0x00000000d5580000)
  object space 518656K, 99% used [0x0000000080000000,0x000000009fa3e848,0x000000009fa80000)
 Metaspace       used 64831K, committed 66240K, reserved 1114112K
  class space    used 6770K, committed 7360K, reserved 1048576K
}
Event: 247.830 GC heap before
{Heap before GC invocations=422 (full 3):
 PSYoungGen      total 4096K, used 4008K [0x00000000d5580000, 0x00000000d5c00000, 0x0000000100000000)
  eden space 3072K, 100% used [0x00000000d5580000,0x00000000d5880000,0x00000000d5880000)
  from space 1024K, 91% used [0x00000000d5b00000,0x00000000d5bea2f0,0x00000000d5c00000)
  to   space 1536K, 0% used [0x00000000d5900000,0x00000000d5900000,0x00000000d5a80000)
 ParOldGen       total 518656K, used 518394K [0x0000000080000000, 0x000000009fa80000, 0x00000000d5580000)
  object space 518656K, 99% used [0x0000000080000000,0x000000009fa3e848,0x000000009fa80000)
 Metaspace       used 64961K, committed 66304K, reserved 1114112K
  class space    used 6774K, committed 7360K, reserved 1048576K
}
Event: 247.832 GC heap after
{Heap after GC invocations=422 (full 3):
 PSYoungGen      total 4608K, used 128K [0x00000000d5580000, 0x00000000d5b80000, 0x0000000100000000)
  eden space 3072K, 0% used [0x00000000d5580000,0x00000000d5580000,0x00000000d5880000)
  from space 1536K, 8% used [0x00000000d5900000,0x00000000d5920000,0x00000000d5a80000)
  to   space 512K, 0% used [0x00000000d5b00000,0x00000000d5b00000,0x00000000d5b80000)
 ParOldGen       total 518656K, used 518426K [0x0000000080000000, 0x000000009fa80000, 0x00000000d5580000)
  object space 518656K, 99% used [0x0000000080000000,0x000000009fa46848,0x000000009fa80000)
 Metaspace       used 64961K, committed 66304K, reserved 1114112K
  class space    used 6774K, committed 7360K, reserved 1048576K
}

