# JRE version: OpenJDK Runtime Environment Temurin-21.0.8+9 (21.0.8+9) (build 21.0.8+9-LTS)
# Java VM: OpenJDK 64-Bit Server VM Temurin-21.0.8+9 (21.0.8+9-LTS, mixed mode, sharing, tiered, compressed oops, compressed class ptrs, parallel gc, windows-amd64)
GC Precious Log:
 CardTable entry size: 512
 CPUs: 4 total, 4 available
 Memory: 8099M
 Large Page Support: Disabled
 NUMA Support: Disabled
 Compressed Oops: Enabled (32-bit)
 Alignments: Space 512K, Generation 512K, Heap 2M
 Heap Min Capacity: 100M
 Heap Initial Capacity: 100M
 Heap Max Capacity: 2G
 Pre-touch: Disabled
 Parallel Workers: 4
Heap:
 PSYoungGen      total 3584K, used 2026K [0x00000000d5580000, 0x00000000d5a00000, 0x0000000100000000)
  eden space 2048K, 50% used [0x00000000d5580000,0x00000000d5682860,0x00000000d5780000)
  from space 1536K, 64% used [0x00000000d5780000,0x00000000d5878018,0x00000000d5900000)
  to   space 1024K, 0% used [0x00000000d5900000,0x00000000d5900000,0x00000000d5a00000)
 ParOldGen       total 573952K, used 573815K [0x0000000080000000, 0x00000000a3080000, 0x00000000d5580000)
  object space 573952K, 99% used [0x0000000080000000,0x00000000a305dc98,0x00000000a3080000)
 Metaspace       used 64814K, committed 66304K, reserved 1114112K
  class space    used 6764K, committed 7424K, reserved 1048576K
GC Heap History (20 events):
Event: 86.517 GC heap before
{Heap before GC invocations=701 (full 3):
 PSYoungGen      total 2560K, used 2080K [0x00000000d5580000, 0x00000000d5b00000, 0x0000000100000000)
  eden space 1024K, 100% used [0x00000000d5580000,0x00000000d5680000,0x00000000d5680000)
  from space 1536K, 68% used [0x00000000d5680000,0x00000000d5788000,0x00000000d5800000)
  to   space 2048K, 0% used [0x00000000d5900000,0x00000000d5900000,0x00000000d5b00000)
 ParOldGen       total 563200K, used 563037K [0x0000000080000000, 0x00000000a2600000, 0x00000000d5580000)
  object space 563200K, 99% used [0x0000000080000000,0x00000000a25d7660,0x00000000a2600000)
 Metaspace       used 64584K, committed 65920K, reserved 1114112K
  class space    used 6736K, committed 7296K, reserved 1048576K
}
Event: 86.522 GC heap after
{Heap after GC invocations=701 (full 3):
 PSYoungGen      total 3072K, used 1088K [0x00000000d5580000, 0x00000000d5a80000, 0x0000000100000000)
  eden space 1536K, 0% used [0x00000000d5580000,0x00000000d5580000,0x00000000d5700000)
  from space 1536K, 70% used [0x00000000d5900000,0x00000000d5a10000,0x00000000d5a80000)
  to   space 1536K, 0% used [0x00000000d5780000,0x00000000d5780000,0x00000000d5900000)
 ParOldGen       total 564224K, used 564061K [0x0000000080000000, 0x00000000a2700000, 0x00000000d5580000)
  object space 564224K, 99% used [0x0000000080000000,0x00000000a26d7660,0x00000000a2700000)
 Metaspace       used 64584K, committed 65920K, reserved 1114112K
  class space    used 6736K, committed 7296K, reserved 1048576K
}
Event: 86.538 GC heap before
{Heap before GC invocations=702 (full 3):
 PSYoungGen      total 3072K, used 2622K [0x00000000d5580000, 0x00000000d5a80000, 0x0000000100000000)
  eden space 1536K, 99% used [0x00000000d5580000,0x00000000d56ffb68,0x00000000d5700000)
  from space 1536K, 70% used [0x00000000d5900000,0x00000000d5a10000,0x00000000d5a80000)
  to   space 1536K, 0% used [0x00000000d5780000,0x00000000d5780000,0x00000000d5900000)
 ParOldGen       total 564224K, used 564061K [0x0000000080000000, 0x00000000a2700000, 0x00000000d5580000)
  object space 564224K, 99% used [0x0000000080000000,0x00000000a26d7660,0x00000000a2700000)
 Metaspace       used 64584K, committed 65920K, reserved 1114112K
  class space    used 6736K, committed 7296K, reserved 1048576K
}
Event: 86.543 GC heap after
{Heap after GC invocations=702 (full 3):
 PSYoungGen      total 3584K, used 1536K [0x00000000d5580000, 0x00000000d5d80000, 0x0000000100000000)
  eden space 2048K, 0% used [0x00000000d5580000,0x00000000d5580000,0x00000000d5780000)
  from space 1536K, 100% used [0x00000000d5780000,0x00000000d5900000,0x00000000d5900000)
  to   space 3072K, 0% used [0x00000000d5a80000,0x00000000d5a80000,0x00000000d5d80000)
 ParOldGen       total 565248K, used 565085K [0x0000000080000000, 0x00000000a2800000, 0x00000000d5580000)
  object space 565248K, 99% used [0x0000000080000000,0x00000000a27d7660,0x00000000a2800000)
 Metaspace       used 64584K, committed 65920K, reserved 1114112K
  class space    used 6736K, committed 7296K, reserved 1048576K
}
Event: 86.557 GC heap before
{Heap before GC invocations=703 (full 3):
 PSYoungGen      total 3584K, used 3584K [0x00000000d5580000, 0x00000000d5d80000, 0x0000000100000000)
  eden space 2048K, 100% used [0x00000000d5580000,0x00000000d5780000,0x00000000d5780000)
  from space 1536K, 100% used [0x00000000d5780000,0x00000000d5900000,0x00000000d5900000)
  to   space 3072K, 0% used [0x00000000d5a80000,0x00000000d5a80000,0x00000000d5d80000)
 ParOldGen       total 565248K, used 565085K [0x0000000080000000, 0x00000000a2800000, 0x00000000d5580000)
  object space 565248K, 99% used [0x0000000080000000,0x00000000a27d7660,0x00000000a2800000)
 Metaspace       used 64590K, committed 65920K, reserved 1114112K
  class space    used 6736K, committed 7296K, reserved 1048576K
}
Event: 86.565 GC heap after
{Heap after GC invocations=703 (full 3):
 PSYoungGen      total 5120K, used 2103K [0x00000000d5580000, 0x00000000d5d00000, 0x0000000100000000)
  eden space 2560K, 0% used [0x00000000d5580000,0x00000000d5580000,0x00000000d5800000)
  from space 2560K, 82% used [0x00000000d5a80000,0x00000000d5c8ddf0,0x00000000d5d00000)
  to   space 2560K, 0% used [0x00000000d5800000,0x00000000d5800000,0x00000000d5a80000)
 ParOldGen       total 566784K, used 566612K [0x0000000080000000, 0x00000000a2980000, 0x00000000d5580000)
  object space 566784K, 99% used [0x0000000080000000,0x00000000a29552e0,0x00000000a2980000)
 Metaspace       used 64590K, committed 65920K, reserved 1114112K
  class space    used 6736K, committed 7296K, reserved 1048576K
}
Event: 86.598 GC heap before
{Heap before GC invocations=704 (full 3):
 PSYoungGen      total 5120K, used 4663K [0x00000000d5580000, 0x00000000d5d00000, 0x0000000100000000)
  eden space 2560K, 100% used [0x00000000d5580000,0x00000000d5800000,0x00000000d5800000)
  from space 2560K, 82% used [0x00000000d5a80000,0x00000000d5c8ddf0,0x00000000d5d00000)
  to   space 2560K, 0% used [0x00000000d5800000,0x00000000d5800000,0x00000000d5a80000)
 ParOldGen       total 566784K, used 566612K [0x0000000080000000, 0x00000000a2980000, 0x00000000d5580000)
  object space 566784K, 99% used [0x0000000080000000,0x00000000a29552e0,0x00000000a2980000)
 Metaspace       used 64607K, committed 65920K, reserved 1114112K
  class space    used 6736K, committed 7296K, reserved 1048576K
}
Event: 86.601 GC heap after
{Heap after GC invocations=704 (full 3):
 PSYoungGen      total 5120K, used 1743K [0x00000000d5580000, 0x00000000d5c80000, 0x0000000100000000)
  eden space 2560K, 0% used [0x00000000d5580000,0x00000000d5580000,0x00000000d5800000)
  from space 2560K, 68% used [0x00000000d5800000,0x00000000d59b3f28,0x00000000d5a80000)
  to   space 2048K, 0% used [0x00000000d5a80000,0x00000000d5a80000,0x00000000d5c80000)
 ParOldGen       total 567296K, used 567085K [0x0000000080000000, 0x00000000a2a00000, 0x00000000d5580000)
  object space 567296K, 99% used [0x0000000080000000,0x00000000a29cb4d8,0x00000000a2a00000)
 Metaspace       used 64607K, committed 65920K, reserved 1114112K
  class space    used 6736K, committed 7296K, reserved 1048576K
}
Event: 86.629 GC heap before
{Heap before GC invocations=705 (full 3):
 PSYoungGen      total 5120K, used 4303K [0x00000000d5580000, 0x00000000d5c80000, 0x0000000100000000)
  eden space 2560K, 100% used [0x00000000d5580000,0x00000000d5800000,0x00000000d5800000)
  from space 2560K, 68% used [0x00000000d5800000,0x00000000d59b3f28,0x00000000d5a80000)
  to   space 2048K, 0% used [0x00000000d5a80000,0x00000000d5a80000,0x00000000d5c80000)
 ParOldGen       total 567296K, used 567085K [0x0000000080000000, 0x00000000a2a00000, 0x00000000d5580000)
  object space 567296K, 99% used [0x0000000080000000,0x00000000a29cb4d8,0x00000000a2a00000)
 Metaspace       used 64607K, committed 65920K, reserved 1114112K
  class space    used 6736K, committed 7296K, reserved 1048576K
}
Event: 86.636 GC heap after
{Heap after GC invocations=705 (full 3):
 PSYoungGen      total 2560K, used 2048K [0x00000000d5580000, 0x00000000d6280000, 0x0000000100000000)
  eden space 512K, 0% used [0x00000000d5580000,0x00000000d5580000,0x00000000d5600000)
  from space 2048K, 100% used [0x00000000d5a80000,0x00000000d5c80000,0x00000000d5c80000)
  to   space 4608K, 0% used [0x00000000d5600000,0x00000000d5600000,0x00000000d5a80000)
 ParOldGen       total 569344K, used 569293K [0x0000000080000000, 0x00000000a2c00000, 0x00000000d5580000)
  object space 569344K, 99% used [0x0000000080000000,0x00000000a2bf3400,0x00000000a2c00000)
 Metaspace       used 64607K, committed 65920K, reserved 1114112K
  class space    used 6736K, committed 7296K, reserved 1048576K
}
Event: 86.638 GC heap before
{Heap before GC invocations=706 (full 3):
 PSYoungGen      total 2560K, used 2440K [0x00000000d5580000, 0x00000000d6280000, 0x0000000100000000)
  eden space 512K, 76% used [0x00000000d5580000,0x00000000d55e21f8,0x00000000d5600000)
  from space 2048K, 100% used [0x00000000d5a80000,0x00000000d5c80000,0x00000000d5c80000)
  to   space 4608K, 0% used [0x00000000d5600000,0x00000000d5600000,0x00000000d5a80000)
 ParOldGen       total 569344K, used 569293K [0x0000000080000000, 0x00000000a2c00000, 0x00000000d5580000)
  object space 569344K, 99% used [0x0000000080000000,0x00000000a2bf3400,0x00000000a2c00000)
 Metaspace       used 64607K, committed 65920K, reserved 1114112K
  class space    used 6736K, committed 7296K, reserved 1048576K
}
Event: 86.643 GC heap after
{Heap after GC invocations=706 (full 3):
 PSYoungGen      total 1024K, used 413K [0x00000000d5580000, 0x00000000d5b00000, 0x0000000100000000)
  eden space 512K, 0% used [0x00000000d5580000,0x00000000d5580000,0x00000000d5600000)
  from space 512K, 80% used [0x00000000d5600000,0x00000000d5667580,0x00000000d5680000)
  to   space 2048K, 0% used [0x00000000d5900000,0x00000000d5900000,0x00000000d5b00000)
 ParOldGen       total 571392K, used 571365K [0x0000000080000000, 0x00000000a2e00000, 0x00000000d5580000)
  object space 571392K, 99% used [0x0000000080000000,0x00000000a2df9400,0x00000000a2e00000)
 Metaspace       used 64607K, committed 65920K, reserved 1114112K
  class space    used 6736K, committed 7296K, reserved 1048576K
}
Event: 86.648 GC heap before
{Heap before GC invocations=707 (full 3):
 PSYoungGen      total 1024K, used 925K [0x00000000d5580000, 0x00000000d5b00000, 0x0000000100000000)
  eden space 512K, 100% used [0x00000000d5580000,0x00000000d5600000,0x00000000d5600000)
  from space 512K, 80% used [0x00000000d5600000,0x00000000d5667580,0x00000000d5680000)
  to   space 2048K, 0% used [0x00000000d5900000,0x00000000d5900000,0x00000000d5b00000)
 ParOldGen       total 571392K, used 571365K [0x0000000080000000, 0x00000000a2e00000, 0x00000000d5580000)
  object space 571392K, 99% used [0x0000000080000000,0x00000000a2df9400,0x00000000a2e00000)
 Metaspace       used 64607K, committed 65920K, reserved 1114112K
  class space    used 6736K, committed 7296K, reserved 1048576K
}
Event: 86.653 GC heap after
{Heap after GC invocations=707 (full 3):
 PSYoungGen      total 2048K, used 532K [0x00000000d5580000, 0x00000000d5a00000, 0x0000000100000000)
  eden space 1024K, 0% used [0x00000000d5580000,0x00000000d5580000,0x00000000d5680000)
  from space 1024K, 52% used [0x00000000d5900000,0x00000000d5985388,0x00000000d5a00000)
  to   space 1024K, 0% used [0x00000000d5800000,0x00000000d5800000,0x00000000d5900000)
 ParOldGen       total 571904K, used 571760K [0x0000000080000000, 0x00000000a2e80000, 0x00000000d5580000)
  object space 571904K, 99% used [0x0000000080000000,0x00000000a2e5c378,0x00000000a2e80000)
 Metaspace       used 64607K, committed 65920K, reserved 1114112K
  class space    used 6736K, committed 7296K, reserved 1048576K
}
Event: 86.662 GC heap before
{Heap before GC invocations=708 (full 3):
 PSYoungGen      total 2048K, used 1556K [0x00000000d5580000, 0x00000000d5a00000, 0x0000000100000000)
  eden space 1024K, 100% used [0x00000000d5580000,0x00000000d5680000,0x00000000d5680000)
  from space 1024K, 52% used [0x00000000d5900000,0x00000000d5985388,0x00000000d5a00000)
  to   space 1024K, 0% used [0x00000000d5800000,0x00000000d5800000,0x00000000d5900000)
 ParOldGen       total 571904K, used 571760K [0x0000000080000000, 0x00000000a2e80000, 0x00000000d5580000)
  object space 571904K, 99% used [0x0000000080000000,0x00000000a2e5c378,0x00000000a2e80000)
 Metaspace       used 64607K, committed 65920K, reserved 1114112K
  class space    used 6736K, committed 7296K, reserved 1048576K
}
Event: 86.666 GC heap after
{Heap after GC invocations=708 (full 3):
 PSYoungGen      total 2560K, used 1013K [0x00000000d5580000, 0x00000000d5b00000, 0x0000000100000000)
  eden space 1536K, 0% used [0x00000000d5580000,0x00000000d5580000,0x00000000d5700000)
  from space 1024K, 98% used [0x00000000d5800000,0x00000000d58fd458,0x00000000d5900000)
  to   space 2048K, 0% used [0x00000000d5900000,0x00000000d5900000,0x00000000d5b00000)
 ParOldGen       total 572416K, used 572277K [0x0000000080000000, 0x00000000a2f00000, 0x00000000d5580000)
  object space 572416K, 99% used [0x0000000080000000,0x00000000a2edd700,0x00000000a2f00000)
 Metaspace       used 64607K, committed 65920K, reserved 1114112K
  class space    used 6736K, committed 7296K, reserved 1048576K
}
Event: 86.737 GC heap before
{Heap before GC invocations=709 (full 3):
 PSYoungGen      total 2560K, used 2466K [0x00000000d5580000, 0x00000000d5b00000, 0x0000000100000000)
  eden space 1536K, 94% used [0x00000000d5580000,0x00000000d56eb438,0x00000000d5700000)
  from space 1024K, 98% used [0x00000000d5800000,0x00000000d58fd458,0x00000000d5900000)
  to   space 2048K, 0% used [0x00000000d5900000,0x00000000d5900000,0x00000000d5b00000)
 ParOldGen       total 572416K, used 572277K [0x0000000080000000, 0x00000000a2f00000, 0x00000000d5580000)
  object space 572416K, 99% used [0x0000000080000000,0x00000000a2edd700,0x00000000a2f00000)
 Metaspace       used 64610K, committed 65920K, reserved 1114112K
  class space    used 6737K, committed 7296K, reserved 1048576K
}
Event: 86.741 GC heap after
{Heap after GC invocations=709 (full 3):
 PSYoungGen      total 3584K, used 917K [0x00000000d5580000, 0x00000000d5a80000, 0x0000000100000000)
  eden space 2048K, 0% used [0x00000000d5580000,0x00000000d5580000,0x00000000d5780000)
  from space 1536K, 59% used [0x00000000d5900000,0x00000000d59e55a8,0x00000000d5a80000)
  to   space 1536K, 0% used [0x00000000d5780000,0x00000000d5780000,0x00000000d5900000)
 ParOldGen       total 573440K, used 573197K [0x0000000080000000, 0x00000000a3000000, 0x00000000d5580000)
  object space 573440K, 99% used [0x0000000080000000,0x00000000a2fc3700,0x00000000a3000000)
 Metaspace       used 64610K, committed 65920K, reserved 1114112K
  class space    used 6737K, committed 7296K, reserved 1048576K
}
Event: 308.371 GC heap before
{Heap before GC invocations=710 (full 3):
 PSYoungGen      total 3584K, used 2965K [0x00000000d5580000, 0x00000000d5a80000, 0x0000000100000000)
  eden space 2048K, 100% used [0x00000000d5580000,0x00000000d5780000,0x00000000d5780000)
  from space 1536K, 59% used [0x00000000d5900000,0x00000000d59e55a8,0x00000000d5a80000)
  to   space 1536K, 0% used [0x00000000d5780000,0x00000000d5780000,0x00000000d5900000)
 ParOldGen       total 573440K, used 573197K [0x0000000080000000, 0x00000000a3000000, 0x00000000d5580000)
  object space 573440K, 99% used [0x0000000080000000,0x00000000a2fc3700,0x00000000a3000000)
 Metaspace       used 64666K, committed 66048K, reserved 1114112K
  class space    used 6750K, committed 7360K, reserved 1048576K
}
Event: 308.378 GC heap after
{Heap after GC invocations=710 (full 3):
 PSYoungGen      total 3584K, used 992K [0x00000000d5580000, 0x00000000d5a00000, 0x0000000100000000)
  eden space 2048K, 0% used [0x00000000d5580000,0x00000000d5580000,0x00000000d5780000)
  from space 1536K, 64% used [0x00000000d5780000,0x00000000d5878018,0x00000000d5900000)
  to   space 1024K, 0% used [0x00000000d5900000,0x00000000d5900000,0x00000000d5a00000)
 ParOldGen       total 573952K, used 573815K [0x0000000080000000, 0x00000000a3080000, 0x00000000d5580000)
  object space 573952K, 99% used [0x0000000080000000,0x00000000a305dc98,0x00000000a3080000)
 Metaspace       used 64666K, committed 66048K, reserved 1114112K
  class space    used 6750K, committed 7360K, reserved 1048576K
}

